Using TensorFlow backend.
/usr/local/lib/python3.6/dist-packages/classification_models/resnext/__init__.py:4: UserWarning: Current ResNext models are deprecated, use keras.applications ResNeXt models
  warnings.warn('Current ResNext models are deprecated, '
WARNING: Logging before flag parsing goes to stderr.
W1213 08:12:57.072093 140499606644544 deprecation_wrapper.py:119] From /usr/local/lib/python3.6/dist-packages/keras/backend/tensorflow_backend.py:66: The name tf.get_default_graph is deprecated. Please use tf.compat.v1.get_default_graph instead.

W1213 08:12:57.072403 140499606644544 deprecation_wrapper.py:119] From /usr/local/lib/python3.6/dist-packages/keras/backend/tensorflow_backend.py:541: The name tf.placeholder is deprecated. Please use tf.compat.v1.placeholder instead.

W1213 08:12:57.074680 140499606644544 deprecation_wrapper.py:119] From /usr/local/lib/python3.6/dist-packages/keras/backend/tensorflow_backend.py:4432: The name tf.random_uniform is deprecated. Please use tf.random.uniform instead.

W1213 08:12:57.091475 140499606644544 deprecation_wrapper.py:119] From /usr/local/lib/python3.6/dist-packages/keras/backend/tensorflow_backend.py:190: The name tf.get_default_session is deprecated. Please use tf.compat.v1.get_default_session instead.

W1213 08:12:57.091573 140499606644544 deprecation_wrapper.py:119] From /usr/local/lib/python3.6/dist-packages/keras/backend/tensorflow_backend.py:197: The name tf.ConfigProto is deprecated. Please use tf.compat.v1.ConfigProto instead.

2020-12-13 08:12:57.091701: I tensorflow/core/platform/cpu_feature_guard.cc:142] Your CPU supports instructions that this TensorFlow binary was not compiled to use: AVX2 FMA
2020-12-13 08:12:57.095905: I tensorflow/stream_executor/platform/default/dso_loader.cc:42] Successfully opened dynamic library libcuda.so.1
2020-12-13 08:12:57.226431: I tensorflow/stream_executor/cuda/cuda_gpu_executor.cc:1005] successful NUMA node read from SysFS had negative value (-1), but there must be at least one NUMA node, so returning NUMA node zero
2020-12-13 08:12:57.226765: I tensorflow/compiler/xla/service/service.cc:168] XLA service 0x5e5ae80 executing computations on platform CUDA. Devices:
2020-12-13 08:12:57.226782: I tensorflow/compiler/xla/service/service.cc:175]   StreamExecutor device (0): GeForce GTX 1060 with Max-Q Design, Compute Capability 6.1
2020-12-13 08:12:57.246068: I tensorflow/core/platform/profile_utils/cpu_utils.cc:94] CPU Frequency: 2199995000 Hz
2020-12-13 08:12:57.246512: I tensorflow/compiler/xla/service/service.cc:168] XLA service 0x622d900 executing computations on platform Host. Devices:
2020-12-13 08:12:57.246534: I tensorflow/compiler/xla/service/service.cc:175]   StreamExecutor device (0): <undefined>, <undefined>
2020-12-13 08:12:57.246698: I tensorflow/stream_executor/cuda/cuda_gpu_executor.cc:1005] successful NUMA node read from SysFS had negative value (-1), but there must be at least one NUMA node, so returning NUMA node zero
2020-12-13 08:12:57.246955: I tensorflow/core/common_runtime/gpu/gpu_device.cc:1640] Found device 0 with properties: 
name: GeForce GTX 1060 with Max-Q Design major: 6 minor: 1 memoryClockRate(GHz): 1.48
pciBusID: 0000:01:00.0
2020-12-13 08:12:57.247145: I tensorflow/stream_executor/platform/default/dso_loader.cc:42] Successfully opened dynamic library libcudart.so.10.0
2020-12-13 08:12:57.248118: I tensorflow/stream_executor/platform/default/dso_loader.cc:42] Successfully opened dynamic library libcublas.so.10.0
2020-12-13 08:12:57.248942: I tensorflow/stream_executor/platform/default/dso_loader.cc:42] Successfully opened dynamic library libcufft.so.10.0
2020-12-13 08:12:57.249142: I tensorflow/stream_executor/platform/default/dso_loader.cc:42] Successfully opened dynamic library libcurand.so.10.0
2020-12-13 08:12:57.250335: I tensorflow/stream_executor/platform/default/dso_loader.cc:42] Successfully opened dynamic library libcusolver.so.10.0
2020-12-13 08:12:57.251165: I tensorflow/stream_executor/platform/default/dso_loader.cc:42] Successfully opened dynamic library libcusparse.so.10.0
2020-12-13 08:12:57.253672: I tensorflow/stream_executor/platform/default/dso_loader.cc:42] Successfully opened dynamic library libcudnn.so.7
2020-12-13 08:12:57.253786: I tensorflow/stream_executor/cuda/cuda_gpu_executor.cc:1005] successful NUMA node read from SysFS had negative value (-1), but there must be at least one NUMA node, so returning NUMA node zero
2020-12-13 08:12:57.254079: I tensorflow/stream_executor/cuda/cuda_gpu_executor.cc:1005] successful NUMA node read from SysFS had negative value (-1), but there must be at least one NUMA node, so returning NUMA node zero
2020-12-13 08:12:57.254294: I tensorflow/core/common_runtime/gpu/gpu_device.cc:1763] Adding visible gpu devices: 0
2020-12-13 08:12:57.254326: I tensorflow/stream_executor/platform/default/dso_loader.cc:42] Successfully opened dynamic library libcudart.so.10.0
2020-12-13 08:12:57.254998: I tensorflow/core/common_runtime/gpu/gpu_device.cc:1181] Device interconnect StreamExecutor with strength 1 edge matrix:
2020-12-13 08:12:57.255009: I tensorflow/core/common_runtime/gpu/gpu_device.cc:1187]      0 
2020-12-13 08:12:57.255016: I tensorflow/core/common_runtime/gpu/gpu_device.cc:1200] 0:   N 
2020-12-13 08:12:57.255092: I tensorflow/stream_executor/cuda/cuda_gpu_executor.cc:1005] successful NUMA node read from SysFS had negative value (-1), but there must be at least one NUMA node, so returning NUMA node zero
2020-12-13 08:12:57.255351: I tensorflow/stream_executor/cuda/cuda_gpu_executor.cc:1005] successful NUMA node read from SysFS had negative value (-1), but there must be at least one NUMA node, so returning NUMA node zero
2020-12-13 08:12:57.255584: I tensorflow/core/common_runtime/gpu/gpu_device.cc:1326] Created TensorFlow device (/job:localhost/replica:0/task:0/device:GPU:0 with 5453 MB memory) -> physical GPU (device: 0, name: GeForce GTX 1060 with Max-Q Design, pci bus id: 0000:01:00.0, compute capability: 6.1)
W1213 08:12:57.613041 140499606644544 deprecation_wrapper.py:119] From /usr/local/lib/python3.6/dist-packages/keras/backend/tensorflow_backend.py:2041: The name tf.nn.fused_batch_norm is deprecated. Please use tf.compat.v1.nn.fused_batch_norm instead.

W1213 08:12:57.661056 140499606644544 deprecation_wrapper.py:119] From /usr/local/lib/python3.6/dist-packages/keras/backend/tensorflow_backend.py:4267: The name tf.nn.max_pool is deprecated. Please use tf.nn.max_pool2d instead.

W1213 08:13:00.270934 140499606644544 deprecation_wrapper.py:119] From /usr/local/lib/python3.6/dist-packages/keras/backend/tensorflow_backend.py:2239: The name tf.image.resize_nearest_neighbor is deprecated. Please use tf.compat.v1.image.resize_nearest_neighbor instead.

W1213 08:13:03.053933 140499606644544 deprecation_wrapper.py:119] From /usr/local/lib/python3.6/dist-packages/keras/optimizers.py:793: The name tf.train.Optimizer is deprecated. Please use tf.compat.v1.train.Optimizer instead.

Model: "resnetUnet"
__________________________________________________________________________________________________
Layer (type)                    Output Shape         Param #     Connected to                     
==================================================================================================
input_1 (InputLayer)            (None, 480, 640, 3)  0                                            
__________________________________________________________________________________________________
zero_padding2d_1 (ZeroPadding2D (None, 488, 648, 3)  0           input_1[0][0]                    
__________________________________________________________________________________________________
conv1 (Conv2D)                  (None, 241, 321, 4)  592         zero_padding2d_1[0][0]           
__________________________________________________________________________________________________
bn_conv1 (BatchNormalization)   (None, 241, 321, 4)  16          conv1[0][0]                      
__________________________________________________________________________________________________
activation_1 (Activation)       (None, 241, 321, 4)  0           bn_conv1[0][0]                   
__________________________________________________________________________________________________
max_pooling2d_1 (MaxPooling2D)  (None, 120, 160, 4)  0           activation_1[0][0]               
__________________________________________________________________________________________________
res2a_branch2a (Conv2D)         (None, 120, 160, 4)  20          max_pooling2d_1[0][0]            
__________________________________________________________________________________________________
bn2a_branch2a (BatchNormalizati (None, 120, 160, 4)  16          res2a_branch2a[0][0]             
__________________________________________________________________________________________________
activation_2 (Activation)       (None, 120, 160, 4)  0           bn2a_branch2a[0][0]              
__________________________________________________________________________________________________
res2a_branch2b (Conv2D)         (None, 120, 160, 4)  148         activation_2[0][0]               
__________________________________________________________________________________________________
bn2a_branch2b (BatchNormalizati (None, 120, 160, 4)  16          res2a_branch2b[0][0]             
__________________________________________________________________________________________________
activation_3 (Activation)       (None, 120, 160, 4)  0           bn2a_branch2b[0][0]              
__________________________________________________________________________________________________
res2a_branch2c (Conv2D)         (None, 120, 160, 8)  40          activation_3[0][0]               
__________________________________________________________________________________________________
res2a_branch1 (Conv2D)          (None, 120, 160, 8)  40          max_pooling2d_1[0][0]            
__________________________________________________________________________________________________
bn2a_branch2c (BatchNormalizati (None, 120, 160, 8)  32          res2a_branch2c[0][0]             
__________________________________________________________________________________________________
bn2a_branch1 (BatchNormalizatio (None, 120, 160, 8)  32          res2a_branch1[0][0]              
__________________________________________________________________________________________________
add_1 (Add)                     (None, 120, 160, 8)  0           bn2a_branch2c[0][0]              
                                                                 bn2a_branch1[0][0]               
__________________________________________________________________________________________________
activation_4 (Activation)       (None, 120, 160, 8)  0           add_1[0][0]                      
__________________________________________________________________________________________________
res2b_branch2a (Conv2D)         (None, 120, 160, 4)  36          activation_4[0][0]               
__________________________________________________________________________________________________
bn2b_branch2a (BatchNormalizati (None, 120, 160, 4)  16          res2b_branch2a[0][0]             
__________________________________________________________________________________________________
activation_5 (Activation)       (None, 120, 160, 4)  0           bn2b_branch2a[0][0]              
__________________________________________________________________________________________________
res2b_branch2b (Conv2D)         (None, 120, 160, 4)  148         activation_5[0][0]               
__________________________________________________________________________________________________
bn2b_branch2b (BatchNormalizati (None, 120, 160, 4)  16          res2b_branch2b[0][0]             
__________________________________________________________________________________________________
activation_6 (Activation)       (None, 120, 160, 4)  0           bn2b_branch2b[0][0]              
__________________________________________________________________________________________________
res2b_branch2c (Conv2D)         (None, 120, 160, 8)  40          activation_6[0][0]               
__________________________________________________________________________________________________
bn2b_branch2c (BatchNormalizati (None, 120, 160, 8)  32          res2b_branch2c[0][0]             
__________________________________________________________________________________________________
add_2 (Add)                     (None, 120, 160, 8)  0           bn2b_branch2c[0][0]              
                                                                 activation_4[0][0]               
__________________________________________________________________________________________________
activation_7 (Activation)       (None, 120, 160, 8)  0           add_2[0][0]                      
__________________________________________________________________________________________________
res2c_branch2a (Conv2D)         (None, 120, 160, 4)  36          activation_7[0][0]               
__________________________________________________________________________________________________
bn2c_branch2a (BatchNormalizati (None, 120, 160, 4)  16          res2c_branch2a[0][0]             
__________________________________________________________________________________________________
activation_8 (Activation)       (None, 120, 160, 4)  0           bn2c_branch2a[0][0]              
__________________________________________________________________________________________________
res2c_branch2b (Conv2D)         (None, 120, 160, 4)  148         activation_8[0][0]               
__________________________________________________________________________________________________
bn2c_branch2b (BatchNormalizati (None, 120, 160, 4)  16          res2c_branch2b[0][0]             
__________________________________________________________________________________________________
activation_9 (Activation)       (None, 120, 160, 4)  0           bn2c_branch2b[0][0]              
__________________________________________________________________________________________________
res2c_branch2c (Conv2D)         (None, 120, 160, 8)  40          activation_9[0][0]               
__________________________________________________________________________________________________
bn2c_branch2c (BatchNormalizati (None, 120, 160, 8)  32          res2c_branch2c[0][0]             
__________________________________________________________________________________________________
add_3 (Add)                     (None, 120, 160, 8)  0           bn2c_branch2c[0][0]              
                                                                 activation_7[0][0]               
__________________________________________________________________________________________________
activation_10 (Activation)      (None, 120, 160, 8)  0           add_3[0][0]                      
__________________________________________________________________________________________________
res3a_branch2a (Conv2D)         (None, 60, 80, 8)    72          activation_10[0][0]              
__________________________________________________________________________________________________
bn3a_branch2a (BatchNormalizati (None, 60, 80, 8)    32          res3a_branch2a[0][0]             
__________________________________________________________________________________________________
activation_11 (Activation)      (None, 60, 80, 8)    0           bn3a_branch2a[0][0]              
__________________________________________________________________________________________________
res3a_branch2b (Conv2D)         (None, 60, 80, 8)    584         activation_11[0][0]              
__________________________________________________________________________________________________
bn3a_branch2b (BatchNormalizati (None, 60, 80, 8)    32          res3a_branch2b[0][0]             
__________________________________________________________________________________________________
activation_12 (Activation)      (None, 60, 80, 8)    0           bn3a_branch2b[0][0]              
__________________________________________________________________________________________________
res3a_branch2c (Conv2D)         (None, 60, 80, 16)   144         activation_12[0][0]              
__________________________________________________________________________________________________
res3a_branch1 (Conv2D)          (None, 60, 80, 16)   144         activation_10[0][0]              
__________________________________________________________________________________________________
bn3a_branch2c (BatchNormalizati (None, 60, 80, 16)   64          res3a_branch2c[0][0]             
__________________________________________________________________________________________________
bn3a_branch1 (BatchNormalizatio (None, 60, 80, 16)   64          res3a_branch1[0][0]              
__________________________________________________________________________________________________
add_4 (Add)                     (None, 60, 80, 16)   0           bn3a_branch2c[0][0]              
                                                                 bn3a_branch1[0][0]               
__________________________________________________________________________________________________
activation_13 (Activation)      (None, 60, 80, 16)   0           add_4[0][0]                      
__________________________________________________________________________________________________
res3b_branch2a (Conv2D)         (None, 60, 80, 8)    136         activation_13[0][0]              
__________________________________________________________________________________________________
bn3b_branch2a (BatchNormalizati (None, 60, 80, 8)    32          res3b_branch2a[0][0]             
__________________________________________________________________________________________________
activation_14 (Activation)      (None, 60, 80, 8)    0           bn3b_branch2a[0][0]              
__________________________________________________________________________________________________
res3b_branch2b (Conv2D)         (None, 60, 80, 8)    584         activation_14[0][0]              
__________________________________________________________________________________________________
bn3b_branch2b (BatchNormalizati (None, 60, 80, 8)    32          res3b_branch2b[0][0]             
__________________________________________________________________________________________________
activation_15 (Activation)      (None, 60, 80, 8)    0           bn3b_branch2b[0][0]              
__________________________________________________________________________________________________
res3b_branch2c (Conv2D)         (None, 60, 80, 16)   144         activation_15[0][0]              
__________________________________________________________________________________________________
bn3b_branch2c (BatchNormalizati (None, 60, 80, 16)   64          res3b_branch2c[0][0]             
__________________________________________________________________________________________________
add_5 (Add)                     (None, 60, 80, 16)   0           bn3b_branch2c[0][0]              
                                                                 activation_13[0][0]              
__________________________________________________________________________________________________
activation_16 (Activation)      (None, 60, 80, 16)   0           add_5[0][0]                      
__________________________________________________________________________________________________
res3d_branch2a (Conv2D)         (None, 60, 80, 8)    136         activation_16[0][0]              
__________________________________________________________________________________________________
bn3d_branch2a (BatchNormalizati (None, 60, 80, 8)    32          res3d_branch2a[0][0]             
__________________________________________________________________________________________________
activation_17 (Activation)      (None, 60, 80, 8)    0           bn3d_branch2a[0][0]              
__________________________________________________________________________________________________
res3d_branch2b (Conv2D)         (None, 60, 80, 8)    584         activation_17[0][0]              
__________________________________________________________________________________________________
bn3d_branch2b (BatchNormalizati (None, 60, 80, 8)    32          res3d_branch2b[0][0]             
__________________________________________________________________________________________________
activation_18 (Activation)      (None, 60, 80, 8)    0           bn3d_branch2b[0][0]              
__________________________________________________________________________________________________
res3d_branch2c (Conv2D)         (None, 60, 80, 16)   144         activation_18[0][0]              
__________________________________________________________________________________________________
bn3d_branch2c (BatchNormalizati (None, 60, 80, 16)   64          res3d_branch2c[0][0]             
__________________________________________________________________________________________________
add_6 (Add)                     (None, 60, 80, 16)   0           bn3d_branch2c[0][0]              
                                                                 activation_16[0][0]              
__________________________________________________________________________________________________
activation_19 (Activation)      (None, 60, 80, 16)   0           add_6[0][0]                      
__________________________________________________________________________________________________
res4a_branch2a (Conv2D)         (None, 30, 40, 16)   272         activation_19[0][0]              
__________________________________________________________________________________________________
bn4a_branch2a (BatchNormalizati (None, 30, 40, 16)   64          res4a_branch2a[0][0]             
__________________________________________________________________________________________________
activation_20 (Activation)      (None, 30, 40, 16)   0           bn4a_branch2a[0][0]              
__________________________________________________________________________________________________
res4a_branch2b (Conv2D)         (None, 30, 40, 16)   2320        activation_20[0][0]              
__________________________________________________________________________________________________
bn4a_branch2b (BatchNormalizati (None, 30, 40, 16)   64          res4a_branch2b[0][0]             
__________________________________________________________________________________________________
activation_21 (Activation)      (None, 30, 40, 16)   0           bn4a_branch2b[0][0]              
__________________________________________________________________________________________________
res4a_branch2c (Conv2D)         (None, 30, 40, 32)   544         activation_21[0][0]              
__________________________________________________________________________________________________
res4a_branch1 (Conv2D)          (None, 30, 40, 32)   544         activation_19[0][0]              
__________________________________________________________________________________________________
bn4a_branch2c (BatchNormalizati (None, 30, 40, 32)   128         res4a_branch2c[0][0]             
__________________________________________________________________________________________________
bn4a_branch1 (BatchNormalizatio (None, 30, 40, 32)   128         res4a_branch1[0][0]              
__________________________________________________________________________________________________
add_7 (Add)                     (None, 30, 40, 32)   0           bn4a_branch2c[0][0]              
                                                                 bn4a_branch1[0][0]               
__________________________________________________________________________________________________
activation_22 (Activation)      (None, 30, 40, 32)   0           add_7[0][0]                      
__________________________________________________________________________________________________
res4b_branch2a (Conv2D)         (None, 30, 40, 16)   528         activation_22[0][0]              
__________________________________________________________________________________________________
bn4b_branch2a (BatchNormalizati (None, 30, 40, 16)   64          res4b_branch2a[0][0]             
__________________________________________________________________________________________________
activation_23 (Activation)      (None, 30, 40, 16)   0           bn4b_branch2a[0][0]              
__________________________________________________________________________________________________
res4b_branch2b (Conv2D)         (None, 30, 40, 16)   2320        activation_23[0][0]              
__________________________________________________________________________________________________
bn4b_branch2b (BatchNormalizati (None, 30, 40, 16)   64          res4b_branch2b[0][0]             
__________________________________________________________________________________________________
activation_24 (Activation)      (None, 30, 40, 16)   0           bn4b_branch2b[0][0]              
__________________________________________________________________________________________________
res4b_branch2c (Conv2D)         (None, 30, 40, 32)   544         activation_24[0][0]              
__________________________________________________________________________________________________
bn4b_branch2c (BatchNormalizati (None, 30, 40, 32)   128         res4b_branch2c[0][0]             
__________________________________________________________________________________________________
add_8 (Add)                     (None, 30, 40, 32)   0           bn4b_branch2c[0][0]              
                                                                 activation_22[0][0]              
__________________________________________________________________________________________________
activation_25 (Activation)      (None, 30, 40, 32)   0           add_8[0][0]                      
__________________________________________________________________________________________________
res4f_branch2a (Conv2D)         (None, 30, 40, 16)   528         activation_25[0][0]              
__________________________________________________________________________________________________
bn4f_branch2a (BatchNormalizati (None, 30, 40, 16)   64          res4f_branch2a[0][0]             
__________________________________________________________________________________________________
activation_26 (Activation)      (None, 30, 40, 16)   0           bn4f_branch2a[0][0]              
__________________________________________________________________________________________________
res4f_branch2b (Conv2D)         (None, 30, 40, 16)   2320        activation_26[0][0]              
__________________________________________________________________________________________________
bn4f_branch2b (BatchNormalizati (None, 30, 40, 16)   64          res4f_branch2b[0][0]             
__________________________________________________________________________________________________
activation_27 (Activation)      (None, 30, 40, 16)   0           bn4f_branch2b[0][0]              
__________________________________________________________________________________________________
res4f_branch2c (Conv2D)         (None, 30, 40, 32)   544         activation_27[0][0]              
__________________________________________________________________________________________________
bn4f_branch2c (BatchNormalizati (None, 30, 40, 32)   128         res4f_branch2c[0][0]             
__________________________________________________________________________________________________
add_9 (Add)                     (None, 30, 40, 32)   0           bn4f_branch2c[0][0]              
                                                                 activation_25[0][0]              
__________________________________________________________________________________________________
activation_28 (Activation)      (None, 30, 40, 32)   0           add_9[0][0]                      
__________________________________________________________________________________________________
res5a_branch2a (Conv2D)         (None, 15, 20, 32)   1056        activation_28[0][0]              
__________________________________________________________________________________________________
bn5a_branch2a (BatchNormalizati (None, 15, 20, 32)   128         res5a_branch2a[0][0]             
__________________________________________________________________________________________________
activation_29 (Activation)      (None, 15, 20, 32)   0           bn5a_branch2a[0][0]              
__________________________________________________________________________________________________
res5a_branch2b (Conv2D)         (None, 15, 20, 32)   9248        activation_29[0][0]              
__________________________________________________________________________________________________
bn5a_branch2b (BatchNormalizati (None, 15, 20, 32)   128         res5a_branch2b[0][0]             
__________________________________________________________________________________________________
activation_30 (Activation)      (None, 15, 20, 32)   0           bn5a_branch2b[0][0]              
__________________________________________________________________________________________________
res5a_branch2c (Conv2D)         (None, 15, 20, 64)   2112        activation_30[0][0]              
__________________________________________________________________________________________________
res5a_branch1 (Conv2D)          (None, 15, 20, 64)   2112        activation_28[0][0]              
__________________________________________________________________________________________________
bn5a_branch2c (BatchNormalizati (None, 15, 20, 64)   256         res5a_branch2c[0][0]             
__________________________________________________________________________________________________
bn5a_branch1 (BatchNormalizatio (None, 15, 20, 64)   256         res5a_branch1[0][0]              
__________________________________________________________________________________________________
add_10 (Add)                    (None, 15, 20, 64)   0           bn5a_branch2c[0][0]              
                                                                 bn5a_branch1[0][0]               
__________________________________________________________________________________________________
activation_31 (Activation)      (None, 15, 20, 64)   0           add_10[0][0]                     
__________________________________________________________________________________________________
res5b_branch2a (Conv2D)         (None, 15, 20, 32)   2080        activation_31[0][0]              
__________________________________________________________________________________________________
bn5b_branch2a (BatchNormalizati (None, 15, 20, 32)   128         res5b_branch2a[0][0]             
__________________________________________________________________________________________________
activation_32 (Activation)      (None, 15, 20, 32)   0           bn5b_branch2a[0][0]              
__________________________________________________________________________________________________
res5b_branch2b (Conv2D)         (None, 15, 20, 32)   9248        activation_32[0][0]              
__________________________________________________________________________________________________
bn5b_branch2b (BatchNormalizati (None, 15, 20, 32)   128         res5b_branch2b[0][0]             
__________________________________________________________________________________________________
activation_33 (Activation)      (None, 15, 20, 32)   0           bn5b_branch2b[0][0]              
__________________________________________________________________________________________________
res5b_branch2c (Conv2D)         (None, 15, 20, 64)   2112        activation_33[0][0]              
__________________________________________________________________________________________________
bn5b_branch2c (BatchNormalizati (None, 15, 20, 64)   256         res5b_branch2c[0][0]             
__________________________________________________________________________________________________
add_11 (Add)                    (None, 15, 20, 64)   0           bn5b_branch2c[0][0]              
                                                                 activation_31[0][0]              
__________________________________________________________________________________________________
activation_34 (Activation)      (None, 15, 20, 64)   0           add_11[0][0]                     
__________________________________________________________________________________________________
res5c_branch2a (Conv2D)         (None, 15, 20, 32)   2080        activation_34[0][0]              
__________________________________________________________________________________________________
bn5c_branch2a (BatchNormalizati (None, 15, 20, 32)   128         res5c_branch2a[0][0]             
__________________________________________________________________________________________________
activation_35 (Activation)      (None, 15, 20, 32)   0           bn5c_branch2a[0][0]              
__________________________________________________________________________________________________
res5c_branch2b (Conv2D)         (None, 15, 20, 32)   9248        activation_35[0][0]              
__________________________________________________________________________________________________
bn5c_branch2b (BatchNormalizati (None, 15, 20, 32)   128         res5c_branch2b[0][0]             
__________________________________________________________________________________________________
activation_36 (Activation)      (None, 15, 20, 32)   0           bn5c_branch2b[0][0]              
__________________________________________________________________________________________________
res5c_branch2c (Conv2D)         (None, 15, 20, 64)   2112        activation_36[0][0]              
__________________________________________________________________________________________________
bn5c_branch2c (BatchNormalizati (None, 15, 20, 64)   256         res5c_branch2c[0][0]             
__________________________________________________________________________________________________
add_12 (Add)                    (None, 15, 20, 64)   0           bn5c_branch2c[0][0]              
                                                                 activation_34[0][0]              
__________________________________________________________________________________________________
activation_37 (Activation)      (None, 15, 20, 64)   0           add_12[0][0]                     
__________________________________________________________________________________________________
up6a_branch2a (UpSampling2D)    (None, 30, 40, 64)   0           activation_37[0][0]              
__________________________________________________________________________________________________
res6a_branch2a (Conv2D)         (None, 30, 40, 64)   4160        up6a_branch2a[0][0]              
__________________________________________________________________________________________________
bn6a_branch2a (BatchNormalizati (None, 30, 40, 64)   256         res6a_branch2a[0][0]             
__________________________________________________________________________________________________
activation_38 (Activation)      (None, 30, 40, 64)   0           bn6a_branch2a[0][0]              
__________________________________________________________________________________________________
res6a_branch2b (Conv2D)         (None, 30, 40, 32)   18464       activation_38[0][0]              
__________________________________________________________________________________________________
bn6a_branch2b (BatchNormalizati (None, 30, 40, 32)   128         res6a_branch2b[0][0]             
__________________________________________________________________________________________________
activation_39 (Activation)      (None, 30, 40, 32)   0           bn6a_branch2b[0][0]              
__________________________________________________________________________________________________
up6a_branch1 (UpSampling2D)     (None, 30, 40, 64)   0           activation_37[0][0]              
__________________________________________________________________________________________________
res6a_branch2c (Conv2D)         (None, 30, 40, 32)   1056        activation_39[0][0]              
__________________________________________________________________________________________________
res6a_branch1 (Conv2D)          (None, 30, 40, 32)   2080        up6a_branch1[0][0]               
__________________________________________________________________________________________________
bn6a_branch2c (BatchNormalizati (None, 30, 40, 32)   128         res6a_branch2c[0][0]             
__________________________________________________________________________________________________
bn6a_branch1 (BatchNormalizatio (None, 30, 40, 32)   128         res6a_branch1[0][0]              
__________________________________________________________________________________________________
add_13 (Add)                    (None, 30, 40, 32)   0           bn6a_branch2c[0][0]              
                                                                 bn6a_branch1[0][0]               
__________________________________________________________________________________________________
activation_40 (Activation)      (None, 30, 40, 32)   0           add_13[0][0]                     
__________________________________________________________________________________________________
res6b_branch2a (Conv2D)         (None, 30, 40, 64)   2112        activation_40[0][0]              
__________________________________________________________________________________________________
bn6b_branch2a (BatchNormalizati (None, 30, 40, 64)   256         res6b_branch2a[0][0]             
__________________________________________________________________________________________________
activation_41 (Activation)      (None, 30, 40, 64)   0           bn6b_branch2a[0][0]              
__________________________________________________________________________________________________
res6b_branch2b (Conv2D)         (None, 30, 40, 32)   18464       activation_41[0][0]              
__________________________________________________________________________________________________
bn6b_branch2b (BatchNormalizati (None, 30, 40, 32)   128         res6b_branch2b[0][0]             
__________________________________________________________________________________________________
activation_42 (Activation)      (None, 30, 40, 32)   0           bn6b_branch2b[0][0]              
__________________________________________________________________________________________________
res6b_branch2c (Conv2D)         (None, 30, 40, 32)   1056        activation_42[0][0]              
__________________________________________________________________________________________________
bn6b_branch2c (BatchNormalizati (None, 30, 40, 32)   128         res6b_branch2c[0][0]             
__________________________________________________________________________________________________
add_14 (Add)                    (None, 30, 40, 32)   0           bn6b_branch2c[0][0]              
                                                                 activation_40[0][0]              
__________________________________________________________________________________________________
activation_43 (Activation)      (None, 30, 40, 32)   0           add_14[0][0]                     
__________________________________________________________________________________________________
res6c_branch2a (Conv2D)         (None, 30, 40, 64)   2112        activation_43[0][0]              
__________________________________________________________________________________________________
bn6c_branch2a (BatchNormalizati (None, 30, 40, 64)   256         res6c_branch2a[0][0]             
__________________________________________________________________________________________________
activation_44 (Activation)      (None, 30, 40, 64)   0           bn6c_branch2a[0][0]              
__________________________________________________________________________________________________
res6c_branch2b (Conv2D)         (None, 30, 40, 32)   18464       activation_44[0][0]              
__________________________________________________________________________________________________
bn6c_branch2b (BatchNormalizati (None, 30, 40, 32)   128         res6c_branch2b[0][0]             
__________________________________________________________________________________________________
activation_45 (Activation)      (None, 30, 40, 32)   0           bn6c_branch2b[0][0]              
__________________________________________________________________________________________________
res6c_branch2c (Conv2D)         (None, 30, 40, 32)   1056        activation_45[0][0]              
__________________________________________________________________________________________________
bn6c_branch2c (BatchNormalizati (None, 30, 40, 32)   128         res6c_branch2c[0][0]             
__________________________________________________________________________________________________
add_15 (Add)                    (None, 30, 40, 32)   0           bn6c_branch2c[0][0]              
                                                                 activation_43[0][0]              
__________________________________________________________________________________________________
activation_46 (Activation)      (None, 30, 40, 32)   0           add_15[0][0]                     
__________________________________________________________________________________________________
concatenate_1 (Concatenate)     (None, 30, 40, 64)   0           activation_46[0][0]              
                                                                 activation_28[0][0]              
__________________________________________________________________________________________________
up7a_branch2a (UpSampling2D)    (None, 60, 80, 64)   0           concatenate_1[0][0]              
__________________________________________________________________________________________________
res7a_branch2a (Conv2D)         (None, 60, 80, 64)   4160        up7a_branch2a[0][0]              
__________________________________________________________________________________________________
bn7a_branch2a (BatchNormalizati (None, 60, 80, 64)   256         res7a_branch2a[0][0]             
__________________________________________________________________________________________________
activation_47 (Activation)      (None, 60, 80, 64)   0           bn7a_branch2a[0][0]              
__________________________________________________________________________________________________
res7a_branch2b (Conv2D)         (None, 60, 80, 16)   9232        activation_47[0][0]              
__________________________________________________________________________________________________
bn7a_branch2b (BatchNormalizati (None, 60, 80, 16)   64          res7a_branch2b[0][0]             
__________________________________________________________________________________________________
activation_48 (Activation)      (None, 60, 80, 16)   0           bn7a_branch2b[0][0]              
__________________________________________________________________________________________________
up7a_branch1 (UpSampling2D)     (None, 60, 80, 64)   0           concatenate_1[0][0]              
__________________________________________________________________________________________________
res7a_branch2c (Conv2D)         (None, 60, 80, 16)   272         activation_48[0][0]              
__________________________________________________________________________________________________
res7a_branch1 (Conv2D)          (None, 60, 80, 16)   1040        up7a_branch1[0][0]               
__________________________________________________________________________________________________
bn7a_branch2c (BatchNormalizati (None, 60, 80, 16)   64          res7a_branch2c[0][0]             
__________________________________________________________________________________________________
bn7a_branch1 (BatchNormalizatio (None, 60, 80, 16)   64          res7a_branch1[0][0]              
__________________________________________________________________________________________________
add_16 (Add)                    (None, 60, 80, 16)   0           bn7a_branch2c[0][0]              
                                                                 bn7a_branch1[0][0]               
__________________________________________________________________________________________________
activation_49 (Activation)      (None, 60, 80, 16)   0           add_16[0][0]                     
__________________________________________________________________________________________________
res7b_branch2a (Conv2D)         (None, 60, 80, 64)   1088        activation_49[0][0]              
__________________________________________________________________________________________________
bn7b_branch2a (BatchNormalizati (None, 60, 80, 64)   256         res7b_branch2a[0][0]             
__________________________________________________________________________________________________
activation_50 (Activation)      (None, 60, 80, 64)   0           bn7b_branch2a[0][0]              
__________________________________________________________________________________________________
res7b_branch2b (Conv2D)         (None, 60, 80, 16)   9232        activation_50[0][0]              
__________________________________________________________________________________________________
bn7b_branch2b (BatchNormalizati (None, 60, 80, 16)   64          res7b_branch2b[0][0]             
__________________________________________________________________________________________________
activation_51 (Activation)      (None, 60, 80, 16)   0           bn7b_branch2b[0][0]              
__________________________________________________________________________________________________
res7b_branch2c (Conv2D)         (None, 60, 80, 16)   272         activation_51[0][0]              
__________________________________________________________________________________________________
bn7b_branch2c (BatchNormalizati (None, 60, 80, 16)   64          res7b_branch2c[0][0]             
__________________________________________________________________________________________________
add_17 (Add)                    (None, 60, 80, 16)   0           bn7b_branch2c[0][0]              
                                                                 activation_49[0][0]              
__________________________________________________________________________________________________
activation_52 (Activation)      (None, 60, 80, 16)   0           add_17[0][0]                     
__________________________________________________________________________________________________
res7f_branch2a (Conv2D)         (None, 60, 80, 64)   1088        activation_52[0][0]              
__________________________________________________________________________________________________
bn7f_branch2a (BatchNormalizati (None, 60, 80, 64)   256         res7f_branch2a[0][0]             
__________________________________________________________________________________________________
activation_53 (Activation)      (None, 60, 80, 64)   0           bn7f_branch2a[0][0]              
__________________________________________________________________________________________________
res7f_branch2b (Conv2D)         (None, 60, 80, 16)   9232        activation_53[0][0]              
__________________________________________________________________________________________________
bn7f_branch2b (BatchNormalizati (None, 60, 80, 16)   64          res7f_branch2b[0][0]             
__________________________________________________________________________________________________
activation_54 (Activation)      (None, 60, 80, 16)   0           bn7f_branch2b[0][0]              
__________________________________________________________________________________________________
res7f_branch2c (Conv2D)         (None, 60, 80, 16)   272         activation_54[0][0]              
__________________________________________________________________________________________________
bn7f_branch2c (BatchNormalizati (None, 60, 80, 16)   64          res7f_branch2c[0][0]             
__________________________________________________________________________________________________
add_18 (Add)                    (None, 60, 80, 16)   0           bn7f_branch2c[0][0]              
                                                                 activation_52[0][0]              
__________________________________________________________________________________________________
activation_55 (Activation)      (None, 60, 80, 16)   0           add_18[0][0]                     
__________________________________________________________________________________________________
concatenate_2 (Concatenate)     (None, 60, 80, 32)   0           activation_55[0][0]              
                                                                 activation_19[0][0]              
__________________________________________________________________________________________________
up8a_branch2a (UpSampling2D)    (None, 120, 160, 32) 0           concatenate_2[0][0]              
__________________________________________________________________________________________________
res8a_branch2a (Conv2D)         (None, 120, 160, 32) 1056        up8a_branch2a[0][0]              
__________________________________________________________________________________________________
bn8a_branch2a (BatchNormalizati (None, 120, 160, 32) 128         res8a_branch2a[0][0]             
__________________________________________________________________________________________________
activation_56 (Activation)      (None, 120, 160, 32) 0           bn8a_branch2a[0][0]              
__________________________________________________________________________________________________
res8a_branch2b (Conv2D)         (None, 120, 160, 8)  2312        activation_56[0][0]              
__________________________________________________________________________________________________
bn8a_branch2b (BatchNormalizati (None, 120, 160, 8)  32          res8a_branch2b[0][0]             
__________________________________________________________________________________________________
activation_57 (Activation)      (None, 120, 160, 8)  0           bn8a_branch2b[0][0]              
__________________________________________________________________________________________________
up8a_branch1 (UpSampling2D)     (None, 120, 160, 32) 0           concatenate_2[0][0]              
__________________________________________________________________________________________________
res8a_branch2c (Conv2D)         (None, 120, 160, 8)  72          activation_57[0][0]              
__________________________________________________________________________________________________
res8a_branch1 (Conv2D)          (None, 120, 160, 8)  264         up8a_branch1[0][0]               
__________________________________________________________________________________________________
bn8a_branch2c (BatchNormalizati (None, 120, 160, 8)  32          res8a_branch2c[0][0]             
__________________________________________________________________________________________________
bn8a_branch1 (BatchNormalizatio (None, 120, 160, 8)  32          res8a_branch1[0][0]              
__________________________________________________________________________________________________
add_19 (Add)                    (None, 120, 160, 8)  0           bn8a_branch2c[0][0]              
                                                                 bn8a_branch1[0][0]               
__________________________________________________________________________________________________
activation_58 (Activation)      (None, 120, 160, 8)  0           add_19[0][0]                     
__________________________________________________________________________________________________
res8b_branch2a (Conv2D)         (None, 120, 160, 32) 288         activation_58[0][0]              
__________________________________________________________________________________________________
bn8b_branch2a (BatchNormalizati (None, 120, 160, 32) 128         res8b_branch2a[0][0]             
__________________________________________________________________________________________________
activation_59 (Activation)      (None, 120, 160, 32) 0           bn8b_branch2a[0][0]              
__________________________________________________________________________________________________
res8b_branch2b (Conv2D)         (None, 120, 160, 8)  2312        activation_59[0][0]              
__________________________________________________________________________________________________
bn8b_branch2b (BatchNormalizati (None, 120, 160, 8)  32          res8b_branch2b[0][0]             
__________________________________________________________________________________________________
activation_60 (Activation)      (None, 120, 160, 8)  0           bn8b_branch2b[0][0]              
__________________________________________________________________________________________________
res8b_branch2c (Conv2D)         (None, 120, 160, 8)  72          activation_60[0][0]              
__________________________________________________________________________________________________
bn8b_branch2c (BatchNormalizati (None, 120, 160, 8)  32          res8b_branch2c[0][0]             
__________________________________________________________________________________________________
add_20 (Add)                    (None, 120, 160, 8)  0           bn8b_branch2c[0][0]              
                                                                 activation_58[0][0]              
__________________________________________________________________________________________________
activation_61 (Activation)      (None, 120, 160, 8)  0           add_20[0][0]                     
__________________________________________________________________________________________________
res8d_branch2a (Conv2D)         (None, 120, 160, 32) 288         activation_61[0][0]              
__________________________________________________________________________________________________
bn8d_branch2a (BatchNormalizati (None, 120, 160, 32) 128         res8d_branch2a[0][0]             
__________________________________________________________________________________________________
activation_62 (Activation)      (None, 120, 160, 32) 0           bn8d_branch2a[0][0]              
__________________________________________________________________________________________________
res8d_branch2b (Conv2D)         (None, 120, 160, 8)  2312        activation_62[0][0]              
__________________________________________________________________________________________________
bn8d_branch2b (BatchNormalizati (None, 120, 160, 8)  32          res8d_branch2b[0][0]             
__________________________________________________________________________________________________
activation_63 (Activation)      (None, 120, 160, 8)  0           bn8d_branch2b[0][0]              
__________________________________________________________________________________________________
res8d_branch2c (Conv2D)         (None, 120, 160, 8)  72          activation_63[0][0]              
__________________________________________________________________________________________________
bn8d_branch2c (BatchNormalizati (None, 120, 160, 8)  32          res8d_branch2c[0][0]             
__________________________________________________________________________________________________
add_21 (Add)                    (None, 120, 160, 8)  0           bn8d_branch2c[0][0]              
                                                                 activation_61[0][0]              
__________________________________________________________________________________________________
activation_64 (Activation)      (None, 120, 160, 8)  0           add_21[0][0]                     
__________________________________________________________________________________________________
concatenate_3 (Concatenate)     (None, 120, 160, 16) 0           activation_64[0][0]              
                                                                 activation_10[0][0]              
__________________________________________________________________________________________________
up10a_branch2a (UpSampling2D)   (None, 240, 320, 16) 0           concatenate_3[0][0]              
__________________________________________________________________________________________________
res10a_branch2a (Conv2D)        (None, 240, 320, 16) 272         up10a_branch2a[0][0]             
__________________________________________________________________________________________________
bn10a_branch2a (BatchNormalizat (None, 240, 320, 16) 64          res10a_branch2a[0][0]            
__________________________________________________________________________________________________
activation_65 (Activation)      (None, 240, 320, 16) 0           bn10a_branch2a[0][0]             
__________________________________________________________________________________________________
res10a_branch2b (Conv2D)        (None, 240, 320, 4)  580         activation_65[0][0]              
__________________________________________________________________________________________________
bn10a_branch2b (BatchNormalizat (None, 240, 320, 4)  16          res10a_branch2b[0][0]            
__________________________________________________________________________________________________
activation_66 (Activation)      (None, 240, 320, 4)  0           bn10a_branch2b[0][0]             
__________________________________________________________________________________________________
up10a_branch1 (UpSampling2D)    (None, 240, 320, 16) 0           concatenate_3[0][0]              
__________________________________________________________________________________________________
res10a_branch2c (Conv2D)        (None, 240, 320, 4)  20          activation_66[0][0]              
__________________________________________________________________________________________________
res10a_branch1 (Conv2D)         (None, 240, 320, 4)  68          up10a_branch1[0][0]              
__________________________________________________________________________________________________
bn10a_branch2c (BatchNormalizat (None, 240, 320, 4)  16          res10a_branch2c[0][0]            
__________________________________________________________________________________________________
bn10a_branch1 (BatchNormalizati (None, 240, 320, 4)  16          res10a_branch1[0][0]             
__________________________________________________________________________________________________
add_22 (Add)                    (None, 240, 320, 4)  0           bn10a_branch2c[0][0]             
                                                                 bn10a_branch1[0][0]              
__________________________________________________________________________________________________
activation_67 (Activation)      (None, 240, 320, 4)  0           add_22[0][0]                     
__________________________________________________________________________________________________
res10b_branch2a (Conv2D)        (None, 240, 320, 16) 80          activation_67[0][0]              
__________________________________________________________________________________________________
bn10b_branch2a (BatchNormalizat (None, 240, 320, 16) 64          res10b_branch2a[0][0]            
__________________________________________________________________________________________________
activation_68 (Activation)      (None, 240, 320, 16) 0           bn10b_branch2a[0][0]             
__________________________________________________________________________________________________
res10b_branch2b (Conv2D)        (None, 240, 320, 4)  580         activation_68[0][0]              
__________________________________________________________________________________________________
bn10b_branch2b (BatchNormalizat (None, 240, 320, 4)  16          res10b_branch2b[0][0]            
__________________________________________________________________________________________________
activation_69 (Activation)      (None, 240, 320, 4)  0           bn10b_branch2b[0][0]             
__________________________________________________________________________________________________
res10b_branch2c (Conv2D)        (None, 240, 320, 4)  20          activation_69[0][0]              
__________________________________________________________________________________________________
bn10b_branch2c (BatchNormalizat (None, 240, 320, 4)  16          res10b_branch2c[0][0]            
__________________________________________________________________________________________________
add_23 (Add)                    (None, 240, 320, 4)  0           bn10b_branch2c[0][0]             
                                                                 activation_67[0][0]              
__________________________________________________________________________________________________
activation_70 (Activation)      (None, 240, 320, 4)  0           add_23[0][0]                     
__________________________________________________________________________________________________
res10c_branch2a (Conv2D)        (None, 240, 320, 16) 80          activation_70[0][0]              
__________________________________________________________________________________________________
bn10c_branch2a (BatchNormalizat (None, 240, 320, 16) 64          res10c_branch2a[0][0]            
__________________________________________________________________________________________________
activation_71 (Activation)      (None, 240, 320, 16) 0           bn10c_branch2a[0][0]             
__________________________________________________________________________________________________
res10c_branch2b (Conv2D)        (None, 240, 320, 4)  580         activation_71[0][0]              
__________________________________________________________________________________________________
bn10c_branch2b (BatchNormalizat (None, 240, 320, 4)  16          res10c_branch2b[0][0]            
__________________________________________________________________________________________________
activation_72 (Activation)      (None, 240, 320, 4)  0           bn10c_branch2b[0][0]             
__________________________________________________________________________________________________
res10c_branch2c (Conv2D)        (None, 240, 320, 4)  20          activation_72[0][0]              
__________________________________________________________________________________________________
bn10c_branch2c (BatchNormalizat (None, 240, 320, 4)  16          res10c_branch2c[0][0]            
__________________________________________________________________________________________________
add_24 (Add)                    (None, 240, 320, 4)  0           bn10c_branch2c[0][0]             
                                                                 activation_70[0][0]              
__________________________________________________________________________________________________
activation_73 (Activation)      (None, 240, 320, 4)  0           add_24[0][0]                     
__________________________________________________________________________________________________
up_sampling2d_1 (UpSampling2D)  (None, 480, 640, 4)  0           activation_73[0][0]              
__________________________________________________________________________________________________
convLast (Conv2D)               (None, 480, 640, 1)  37          up_sampling2d_1[0][0]            
==================================================================================================
Total params: 179,297
Trainable params: 175,713
Non-trainable params: 3,5842020-12-13 08:13:07.461649: I tensorflow/stream_executor/platform/default/dso_loader.cc:42] Successfully opened dynamic library libcudnn.so.7
W1213 08:13:08.326037 140499606644544 util.py:64] Lossy conversion from float32 to uint8. Range [0.0, 255.0]. Convert image to uint8 prior to saving to suppress this warning.
W1213 08:13:08.412061 140499606644544 util.py:64] Lossy conversion from float64 to uint8. Range [0.0, 255.0]. Convert image to uint8 prior to saving to suppress this warning.
W1213 08:13:09.299601 140499606644544 util.py:64] Lossy conversion from float32 to uint8. Range [0.0, 255.0]. Convert image to uint8 prior to saving to suppress this warning.
W1213 08:13:09.323127 140499606644544 util.py:64] Lossy conversion from float64 to uint8. Range [0.0, 255.0]. Convert image to uint8 prior to saving to suppress this warning.
W1213 08:13:09.499281 140499606644544 deprecation.py:323] From run.py:247: remove_training_nodes (from tensorflow.python.framework.graph_util_impl) is deprecated and will be removed in a future version.
Instructions for updating:
Use `tf.compat.v1.graph_util.remove_training_nodes`
W1213 08:13:09.841388 140499606644544 deprecation.py:323] From run.py:248: convert_variables_to_constants (from tensorflow.python.framework.graph_util_impl) is deprecated and will be removed in a future version.
Instructions for updating:
Use `tf.compat.v1.graph_util.convert_variables_to_constants`
W1213 08:13:09.841516 140499606644544 deprecation.py:323] From /usr/local/lib/python3.6/dist-packages/tensorflow/python/framework/graph_util_impl.py:270: extract_sub_graph (from tensorflow.python.framework.graph_util_impl) is deprecated and will be removed in a future version.
Instructions for updating:
Use `tf.compat.v1.graph_util.extract_sub_graph`
W1213 08:13:10.309230 140499606644544 util.py:64] Lossy conversion from float32 to uint8. Range [0.0, 255.0]. Convert image to uint8 prior to saving to suppress this warning.
W1213 08:13:10.330916 140499606644544 util.py:64] Lossy conversion from float64 to uint8. Range [0.0, 255.0]. Convert image to uint8 prior to saving to suppress this warning.

__________________________________________________________________________________________________
input names: ['input_1']
output_names: ['convLast/Sigmoid']
input_tensor_name: input_1:0
output_tensor_name: convLast/Sigmoid:0
load image...
x0.shape: (480, 640, 3), x.shape: (1, 480, 640, 3)
Keras: inference...
duration: 1.66218900680542
duration: 0.0175933837890625
duration: 0.01752018928527832
duration: 0.01738715171813965
duration: 0.01750659942626953
Keras: p0.shape: (1, 480, 640, 1), p.shape: (480, 640, 1)
Keras: save images...
TF graph: inference...
duration: 0.7130672931671143
duration: 0.015566587448120117
duration: 0.015795469284057617
duration: 0.01561284065246582
duration: 0.015590190887451172
TF graph: p0.shape: (1, 480, 640, 1), p.shape: (480, 640, 1)
TF graph: save images...
freeze model...
TF frozen: inference...
TF frozen: p0.shape: (1, 480, 640, 1), p.shape: (480, 640, 1)
TF frozen: save images...
finished...
