epoch,acc,loss,mean_iou,val_acc,val_loss,val_mean_iou
0,0.9605803254385327,0.03210880224441373,0.9095766148161749,0.9475612096164537,0.0460989060609237,0.877447196646877
1,0.9600396384868679,0.0325121756099319,0.9075614325723853,0.9424414245978646,0.05162701205067013,0.8814425277321235
2,0.9596909393108175,0.03289734562207248,0.9086874303492632,0.9331581190876339,0.05866583728271982,0.8737374971742216
3,0.9609448150144018,0.031586964781673915,0.9108497959730075,0.9503063585447229,0.043950984011525696,0.8861615907238878
4,0.9607736313642284,0.03202481399178159,0.9102619382606779,0.961148664355278,0.034698040589042335,0.8991387901098832
5,0.9610195172996479,0.031711841985961685,0.9099680008433498,0.9359031656514043,0.05655298414437667,0.8761214701377827
6,0.9608813977000047,0.031694574763571993,0.9101886111541783,0.9492172087016313,0.04463742090308148,0.892084961352141
7,0.9614134341172179,0.031245460726189323,0.9112100974144134,0.9396921001050783,0.05373620598212532,0.8750991869879805
8,0.9620485446594741,0.03071377381471544,0.9116228523383101,0.9557873204998348,0.03927190537038057,0.8887384971198828
9,0.9624937698894934,0.030468639652843185,0.9125865710396295,0.9521689771310143,0.04223906281201736,0.890936193258866
10,0.9623499921984995,0.030918393530316952,0.911684313894797,0.9488669951324877,0.046332503790440766,0.8786994442343712
11,0.9630813535319486,0.030341152284445286,0.9130052575210795,0.9509821540635565,0.04342091472252556,0.8865075921234877
12,0.962404910493068,0.030726553941909877,0.9118918865416534,0.9435666456170704,0.05073916458565256,0.8846835847134176
13,0.9637466382208572,0.029500915522860983,0.9132476106999479,0.9487128134654916,0.0463125634452571,0.8842667474046998
14,0.9636648064968452,0.02949076954489832,0.9134056288637055,0.949306110325067,0.046542527235072594,0.8845800569523936
15,0.9636612264170483,0.029697116665841072,0.9137080101414369,0.9574804629968561,0.037536562784858375,0.9020718174136203
16,0.9646160791729698,0.028665064130556816,0.9144038832691387,0.9527615133834921,0.04184772462948509,0.8851738808595616
17,0.9637781465196822,0.02944472833043916,0.9146760835894135,0.9335751157739888,0.05968200512554334,0.8710204366108646
18,0.9651343342083604,0.028232165320734342,0.9159674008824054,0.950351190307866,0.04314951663431914,0.8829513448088065
19,0.9649123373298965,0.028703692541563318,0.9146046995897121,0.9586041699285093,0.036438923815022346,0.897992809181628
20,0.9647141818529784,0.028667167398120388,0.9158729052683438,0.9494199577880942,0.04433408768280693,0.8865971173281255
21,0.9654758215574452,0.028085583762088286,0.9178023842542664,0.9480177915614584,0.045894178359404854,0.8802515478885692
22,0.9647050813276608,0.028717671731318308,0.9154419195405918,0.9506167756474536,0.04353702910568403,0.8882081715956979
23,0.9654542251765716,0.02812229657813222,0.9159917766345659,0.9546110228351925,0.04087622204552526,0.892435928725678
24,0.9663068329925153,0.0275902309651568,0.9153944366423976,0.9420038299716037,0.05188479436480481,0.8783233713196672
25,0.9657011965629457,0.027723635726484317,0.9162892795800238,0.9455953000680261,0.04840938487778539,0.886291424865308
26,0.9657437615176,0.027855404814585025,0.916200086514856,0.9561493040426917,0.039200350642204285,0.8966735918884692
27,0.9653846608400114,0.028208415902592134,0.9151635130989757,0.955417658323827,0.04017386553080186,0.8911515853327253
28,0.9663595469608213,0.027539015653914874,0.917979352997934,0.95437275002832,0.04066906934199126,0.8955868456674658
29,0.9665487159948336,0.02723046111596095,0.9176173823145292,0.9574198794105778,0.03791331208270529,0.8874896048851635
30,0.9660157289707654,0.027639384145167336,0.9180792146446308,0.94752715398436,0.047176473166631615,0.8872537868826286
31,0.9677353679619688,0.026548389773610074,0.9199687492988395,0.9504218049671339,0.04348792718804401,0.8902193861811057
32,0.9673011057493321,0.02646982553717378,0.9189605147345488,0.9605512612539789,0.03488349072311236,0.9021631764328998
33,0.9671442932769712,0.02704673956405934,0.9157182524418688,0.9489314666260844,0.0451290795336599,0.8871896137361941
34,0.9670937635866702,0.02680758488665812,0.9183323697038436,0.9409765827914943,0.05274444300195445,0.8830969168440156
35,0.9682379278373663,0.025803038317881298,0.9208751019031924,0.9576846950727961,0.037474132750345314,0.894871426017388
36,0.9672973454836197,0.026631235180956652,0.9188993544622687,0.9505494055540665,0.04317707341650258,0.8876152790111044
37,0.967051407658423,0.026837365017609208,0.9174387932118345,0.9461327026719633,0.047382604168808976,0.8885606598594914
38,0.9684496715413574,0.0257843018334881,0.9202439316825872,0.9581395562576211,0.03742349990036176,0.8957351225873699
39,0.967638123538587,0.02626298657681827,0.9198234501643383,0.9485410419495209,0.04555035544478375,0.8926832513964694
40,0.9681661194650719,0.02613941284142439,0.9193949599868222,0.9525428641101589,0.042039598459782807,0.8923291589902795
41,0.968401320213656,0.025827115376713342,0.9217682175423475,0.9551819025174432,0.03947381027366804,0.8974899481172147
42,0.9681853736254521,0.025831418115169785,0.9213264199462272,0.9512227831975274,0.04321168751820274,0.8916850744382195
43,0.9680025846944528,0.026116164719256627,0.9190219330519617,0.9413263726493587,0.053438382304233055,0.8833748724149622
44,0.9679594287393536,0.026205431028007653,0.9199308806390905,0.9556756479584653,0.040512851398924125,0.8924697595446006
45,0.969008895642745,0.025239464923101102,0.9213617626266393,0.9607457790685736,0.03528934781966002,0.9011413571627244
46,0.9680679731040668,0.026127714996629962,0.9202881866351512,0.9533243263545244,0.041475824039915336,0.8913301880592885
47,0.969557456266374,0.024754590383563122,0.9210899067429938,0.9426877038634341,0.05163687337999758,0.8839474877585536
48,0.9695996643123665,0.02464160380621801,0.9209993820616523,0.948400709292163,0.046040962571683136,0.8894792095474575
49,0.970554758346365,0.023659227499321325,0.9243979889752907,0.9389940383641616,0.05489557398402173,0.8794579411978307
50,0.9690334478548086,0.02516036581036471,0.920179813294407,0.9562755447366963,0.03924846584382265,0.9004578933767651
51,0.970147063974078,0.024356961253193556,0.9240875067198362,0.9532086635413377,0.042257794219514595,0.8914264064768086
52,0.9688260966948378,0.02528591128797304,0.9211206490574337,0.9508405152870261,0.04383334776629572,0.8855222797264224
