{"class":"VERSION","release":"3.11","rev":"3.11-3","proto_major":3,"proto_minor":9}
{"class":"DEVICES","devices":[{"class":"DEVICE","path":"/dev/ttyUSB0","driver":"NMEA0183","activated":"2016-11-02T05:56:37.642Z","flags":1,"native":0,"bps":4800,"parity":"N","stopbits":1,"cycle":1.00}]}
{"class":"WATCH","enable":true,"json":false,"nmea":true,"raw":0,"scaled":false,"timing":false,"split24":false,"pps":false}
$GNRMC,055638.000,A,4810.0019,N,01700.0041,E,0.19,330.56,021116,,,D*7D
$GNRMC,055639.000,A,4810.0019,N,01700.0040,E,0.17,308.90,021116,,,D*72
$GNRMC,055640.000,A,4810.0019,N,01700.0039,E,0.64,28.97,021116,,,D*40
$GNRMC,055641.000,A,4810.0020,N,01700.0039,E,0.65,11.57,021116,,,D*4C
$GNRMC,055642.000,A,4810.0022,N,01700.0039,E,0.69,10.18,021116,,,D*4B
$GNRMC,055643.000,A,4810.0022,N,01700.0039,E,0.63,13.85,021116,,,D*47
$GNRMC,055644.000,A,4810.0022,N,01700.0039,E,0.51,17.40,021116,,,D*4C
$GNRMC,055645.000,A,4810.0021,N,01700.0039,E,0.42,27.69,021116,,,D*44
$GNRMC,055646.000,A,4810.0021,N,01700.0040,E,0.39,36.72,021116,,,D*4F
$GNRMC,055647.000,A,4810.0020,N,01700.0039,E,0.27,37.26,021116,,,D*4E
$GNRMC,055648.000,A,4810.0019,N,01700.0037,E,0.25,34.13,021116,,,D*42
$GNRMC,055649.000,A,4810.0018,N,01700.0037,E,0.22,46.56,021116,,,D*41
$GNRMC,055650.000,A,4810.0017,N,01700.0037,E,0.21,56.39,021116,,,D*4D
$GNRMC,055651.000,A,4810.0018,N,01700.0040,E,0.32,65.08,021116,,,D*43
$GNRMC,055652.000,A,4810.0018,N,01700.0039,E,0.29,58.50,021116,,,D*47
$GNRMC,055653.000,A,4810.0016,N,01700.0038,E,0.44,38.59,021116,,,D*4D
$GNRMC,055654.000,A,4810.0015,N,01700.0037,E,0.25,7.83,021116,,,D*7A
$GNRMC,055655.000,A,4810.0011,N,01700.0032,E,0.40,223.62,021116,,,D*72
$GNRMC,055656.000,A,4810.0009,N,01700.0031,E,0.33,220.68,021116,,,D*76
$GNRMC,055657.000,A,4810.0008,N,01700.0028,E,0.27,28.29,021116,,,D*44
$GNRMC,055658.000,A,4810.0009,N,01700.0028,E,0.39,28.43,021116,,,D*49
$GNRMC,055659.000,A,4810.0009,N,01700.0028,E,0.49,27.03,021116,,,D*44
$GNRMC,055700.000,A,4810.0009,N,01700.0026,E,0.56,22.29,021116,,,D*44
